<?xml version="1.0" encoding="UTF-8"?>
<testsuite xmlns:xsi="http://www.w3.org/2001/XMLSchema-instance" xsi:noNamespaceSchemaLocation="https://maven.apache.org/surefire/maven-surefire-plugin/xsd/surefire-test-report-3.0.xsd" version="3.0" name="com.reza.randomguestapp.RandomnessAppApplicationTests" time="2.56" tests="1" errors="0" skipped="0" failures="0">
  <properties>
[...]
</properties>
  <testcase name="contextLoads" classname="com.reza.randomguestapp.RandomnessAppApplicationTests" time="0.015">
    <system-out><![CDATA[01:19:41.012 [main] INFO org.springframework.test.context.support.AnnotationConfigContextLoaderUtils -- Could not detect default configuration classes for test class [com.reza.randomguestapp.RandomnessAppApplicationTests]: RandomnessAppApplicationTests does not declare any static, non-private, non-final, nested classes annotated with @Configuration.
01:19:41.184 [main] INFO org.springframework.boot.test.context.SpringBootTestContextBootstrapper -- Found @SpringBootConfiguration com.reza.randomguestapp.RandomnessAppApplication for test class com.reza.randomguestapp.RandomnessAppApplicationTests

  .   ____          _            __ _ _
 /\\ / ___'_ __ _ _(_)_ __  __ _ \ \ \ \
( ( )\___ | '_ | '_| | '_ \/ _` | \ \ \ \
 \\/  ___)| |_)| | | | | || (_| |  ) ) ) )
  '  |____| .__|_| |_|_| |_\__, | / / / /
 =========|_|==============|___/=/_/_/_/

 :: Spring Boot ::                (v3.3.1)

2024-06-25T01:19:41.670+07:00  INFO 3172 --- [randomguest-app] [           main] c.r.r.RandomnessAppApplicationTests      : Starting RandomnessAppApplicationTests using Java 17.0.7 with PID 3172 (started by Reza Hutagaol in E:\Learning Manning\ModernJavaInAction-master\randomguest-app)
2024-06-25T01:19:41.672+07:00  INFO 3172 --- [randomguest-app] [           main] c.r.r.RandomnessAppApplicationTests      : No active profile set, falling back to 1 default profile: "default"
2024-06-25T01:19:43.293+07:00  INFO 3172 --- [randomguest-app] [           main] c.r.r.RandomnessAppApplicationTests      : Started RandomnessAppApplicationTests in 1.902 seconds (process running for 4.391)
]]></system-out>
  </testcase>
</testsuite>